<?xml version="1.0" encoding="UTF-8"?>
<!-- Generated by org.testng.reporters.JUnitReportReporter -->
<testsuite hostname="Tushar" failures="0" tests="4" name="ExtentReportBasicDemo.DemoExtentReport" time="8.961" errors="0" timestamp="27 Apr 2023 08:32:13 GMT" skipped="0">
  <testcase classname="ExtentReportBasicDemo.DemoExtentReport" name="TestCase_001" time="0.028"/>
  <testcase classname="ExtentReportBasicDemo.DemoExtentReport" name="TestCase_003" time="0.951"/>
  <testcase classname="ExtentReportBasicDemo.DemoExtentReport" name="TestCase_004" time="4.931"/>
  <testcase classname="ExtentReportBasicDemo.DemoExtentReport" name="TestCase_002" time="3.051"/>
</testsuite> <!-- ExtentReportBasicDemo.DemoExtentReport -->
