<?xml version="1.0" encoding="UTF-8"?>
<!-- Generated by org.testng.reporters.JUnitReportReporter -->
<testsuite hostname="Tushar" failures="0" tests="2" name="MyTestCases.TC_02" time="31.906" errors="0" timestamp="27 Apr 2023 08:32:13 GMT" skipped="0">
  <testcase classname="MyTestCases.TC_02" name="logintest" time="3.658"/>
  <testcase classname="MyTestCases.TC_02" name="reviewtest" time="28.248"/>
</testsuite> <!-- MyTestCases.TC_02 -->
