<?xml version="1.0" encoding="UTF-8"?>
<!-- Generated by org.testng.reporters.JUnitReportReporter -->
<testsuite hostname="Tushar" failures="0" tests="1" name="MyTestCases.TC_01" time="4.663" errors="0" timestamp="27 Apr 2023 08:32:13 GMT" skipped="0">
  <testcase classname="MyTestCases.TC_01" name="logintest" time="4.663"/>
</testsuite> <!-- MyTestCases.TC_01 -->
